{"C:\\workspace\\fichas-medicas-api\\src\\app.ts": {"path":"C:\\workspace\\fichas-medicas-api\\src\\app.ts","statementMap":{"0":{"start":{"line":1,"column":0},"end":{"line":1,"column":30}},"1":{"start":{"line":2,"column":0},"end":{"line":2,"column":28}},"2":{"start":{"line":3,"column":0},"end":{"line":3,"column":24}},"3":{"start":{"line":4,"column":0},"end":{"line":4,"column":43}},"4":{"start":{"line":5,"column":0},"end":{"line":5,"column":41}},"5":{"start":{"line":6,"column":0},"end":{"line":6,"column":49}},"6":{"start":{"line":7,"column":0},"end":{"line":7,"column":39}},"7":{"start":{"line":8,"column":0},"end":{"line":8,"column":40}},"8":{"start":{"line":10,"column":12},"end":{"line":10,"column":21}},"9":{"start":{"line":12,"column":0},"end":{"line":12,"column":23}},"10":{"start":{"line":13,"column":0},"end":{"line":13,"column":16}},"11":{"start":{"line":14,"column":0},"end":{"line":14,"column":24}},"12":{"start":{"line":16,"column":0},"end":{"line":18,"column":1}},"13":{"start":{"line":17,"column":2},"end":{"line":17,"column":14}},"14":{"start":{"line":20,"column":20},"end":{"line":26,"column":2}},"15":{"start":{"line":28,"column":0},"end":{"line":28,"column":68}},"16":{"start":{"line":30,"column":0},"end":{"line":30,"column":39}},"17":{"start":{"line":31,"column":0},"end":{"line":31,"column":29}},"18":{"start":{"line":33,"column":0},"end":{"line":33,"column":51}},"19":{"start":{"line":33,"column":27},"end":{"line":33,"column":49}},"20":{"start":{"line":35,"column":0},"end":{"line":35,"column":19}}},"fnMap":{"0":{"name":"(anonymous_1)","decl":{"start":{"line":33,"column":13},"end":{"line":33,"column":14}},"loc":{"start":{"line":33,"column":27},"end":{"line":33,"column":49}}}},"branchMap":{"0":{"loc":{"start":{"line":16,"column":0},"end":{"line":18,"column":1}},"type":"if","locations":[{"start":{"line":16,"column":0},"end":{"line":18,"column":1}}]}},"s":{"0":1,"1":1,"2":1,"3":1,"4":1,"5":1,"6":1,"7":1,"8":1,"9":1,"10":1,"11":1,"12":1,"13":0,"14":1,"15":1,"16":1,"17":1,"18":1,"19":0,"20":1},"f":{"0":0},"b":{"0":[0]}}
,"C:\\workspace\\fichas-medicas-api\\src\\config\\db.ts": {"path":"C:\\workspace\\fichas-medicas-api\\src\\config\\db.ts","statementMap":{"0":{"start":{"line":3,"column":0},"end":{"line":3,"column":7}},"1":{"start":{"line":1,"column":0},"end":{"line":1,"column":32}},"2":{"start":{"line":4,"column":14},"end":{"line":4,"column":75}},"3":{"start":{"line":5,"column":2},"end":{"line":10,"column":3}},"4":{"start":{"line":6,"column":4},"end":{"line":6,"column":32}},"5":{"start":{"line":7,"column":4},"end":{"line":7,"column":40}},"6":{"start":{"line":9,"column":4},"end":{"line":9,"column":51}}},"fnMap":{"0":{"name":"connectDB","decl":{"start":{"line":3,"column":22},"end":{"line":3,"column":31}},"loc":{"start":{"line":3,"column":31},"end":{"line":11,"column":1}}}},"branchMap":{"0":{"loc":{"start":{"line":4,"column":14},"end":{"line":4,"column":75}},"type":"binary-expr","locations":[{"start":{"line":4,"column":14},"end":{"line":4,"column":35}},{"start":{"line":4,"column":39},"end":{"line":4,"column":75}}]}},"s":{"0":1,"1":1,"2":0,"3":0,"4":0,"5":0,"6":0},"f":{"0":0},"b":{"0":[0,0]}}
,"C:\\workspace\\fichas-medicas-api\\src\\controllers\\authController.ts": {"path":"C:\\workspace\\fichas-medicas-api\\src\\controllers\\authController.ts","statementMap":{"0":{"start":{"line":8,"column":0},"end":{"line":8,"column":7}},"1":{"start":{"line":23,"column":0},"end":{"line":23,"column":7}},"2":{"start":{"line":2,"column":0},"end":{"line":2,"column":30}},"3":{"start":{"line":3,"column":0},"end":{"line":3,"column":31}},"4":{"start":{"line":4,"column":0},"end":{"line":4,"column":34}},"5":{"start":{"line":6,"column":19},"end":{"line":6,"column":55}},"6":{"start":{"line":9,"column":2},"end":{"line":20,"column":3}},"7":{"start":{"line":10,"column":35},"end":{"line":10,"column":43}},"8":{"start":{"line":11,"column":4},"end":{"line":11,"column":105}},"9":{"start":{"line":11,"column":32},"end":{"line":11,"column":105}},"10":{"start":{"line":12,"column":21},"end":{"line":12,"column":53}},"11":{"start":{"line":13,"column":4},"end":{"line":13,"column":76}},"12":{"start":{"line":13,"column":18},"end":{"line":13,"column":76}},"13":{"start":{"line":14,"column":17},"end":{"line":14,"column":48}},"14":{"start":{"line":15,"column":17},"end":{"line":15,"column":59}},"15":{"start":{"line":16,"column":4},"end":{"line":16,"column":22}},"16":{"start":{"line":17,"column":4},"end":{"line":17,"column":75}},"17":{"start":{"line":19,"column":4},"end":{"line":19,"column":56}},"18":{"start":{"line":24,"column":2},"end":{"line":35,"column":3}},"19":{"start":{"line":25,"column":35},"end":{"line":25,"column":43}},"20":{"start":{"line":26,"column":4},"end":{"line":26,"column":105}},"21":{"start":{"line":26,"column":32},"end":{"line":26,"column":105}},"22":{"start":{"line":27,"column":17},"end":{"line":27,"column":49}},"23":{"start":{"line":28,"column":4},"end":{"line":28,"column":77}},"24":{"start":{"line":28,"column":15},"end":{"line":28,"column":77}},"25":{"start":{"line":29,"column":15},"end":{"line":29,"column":64}},"26":{"start":{"line":30,"column":4},"end":{"line":30,"column":75}},"27":{"start":{"line":30,"column":13},"end":{"line":30,"column":75}},"28":{"start":{"line":31,"column":18},"end":{"line":31,"column":103}},"29":{"start":{"line":32,"column":4},"end":{"line":32,"column":31}},"30":{"start":{"line":34,"column":4},"end":{"line":34,"column":56}}},"fnMap":{"0":{"name":"register","decl":{"start":{"line":8,"column":22},"end":{"line":8,"column":30}},"loc":{"start":{"line":8,"column":58},"end":{"line":21,"column":1}}},"1":{"name":"login","decl":{"start":{"line":23,"column":22},"end":{"line":23,"column":27}},"loc":{"start":{"line":23,"column":55},"end":{"line":36,"column":1}}}},"branchMap":{"0":{"loc":{"start":{"line":6,"column":19},"end":{"line":6,"column":55}},"type":"binary-expr","locations":[{"start":{"line":6,"column":19},"end":{"line":6,"column":41}},{"start":{"line":6,"column":45},"end":{"line":6,"column":55}}]},"1":{"loc":{"start":{"line":11,"column":4},"end":{"line":11,"column":105}},"type":"if","locations":[{"start":{"line":11,"column":4},"end":{"line":11,"column":105}}]},"2":{"loc":{"start":{"line":11,"column":8},"end":{"line":11,"column":30}},"type":"binary-expr","locations":[{"start":{"line":11,"column":8},"end":{"line":11,"column":17}},{"start":{"line":11,"column":21},"end":{"line":11,"column":30}}]},"3":{"loc":{"start":{"line":13,"column":4},"end":{"line":13,"column":76}},"type":"if","locations":[{"start":{"line":13,"column":4},"end":{"line":13,"column":76}}]},"4":{"loc":{"start":{"line":26,"column":4},"end":{"line":26,"column":105}},"type":"if","locations":[{"start":{"line":26,"column":4},"end":{"line":26,"column":105}}]},"5":{"loc":{"start":{"line":26,"column":8},"end":{"line":26,"column":30}},"type":"binary-expr","locations":[{"start":{"line":26,"column":8},"end":{"line":26,"column":17}},{"start":{"line":26,"column":21},"end":{"line":26,"column":30}}]},"6":{"loc":{"start":{"line":28,"column":4},"end":{"line":28,"column":77}},"type":"if","locations":[{"start":{"line":28,"column":4},"end":{"line":28,"column":77}}]},"7":{"loc":{"start":{"line":30,"column":4},"end":{"line":30,"column":75}},"type":"if","locations":[{"start":{"line":30,"column":4},"end":{"line":30,"column":75}}]}},"s":{"0":1,"1":1,"2":1,"3":1,"4":1,"5":1,"6":1,"7":1,"8":1,"9":0,"10":1,"11":1,"12":0,"13":1,"14":1,"15":1,"16":1,"17":0,"18":1,"19":1,"20":1,"21":0,"22":1,"23":1,"24":0,"25":1,"26":1,"27":0,"28":1,"29":1,"30":0},"f":{"0":1,"1":1},"b":{"0":[1,1],"1":[0],"2":[1,1],"3":[0],"4":[0],"5":[1,1],"6":[0],"7":[0]}}
,"C:\\workspace\\fichas-medicas-api\\src\\controllers\\pacientesController.ts": {"path":"C:\\workspace\\fichas-medicas-api\\src\\controllers\\pacientesController.ts","statementMap":{"0":{"start":{"line":5,"column":0},"end":{"line":5,"column":7}},"1":{"start":{"line":17,"column":0},"end":{"line":17,"column":7}},"2":{"start":{"line":28,"column":0},"end":{"line":28,"column":7}},"3":{"start":{"line":41,"column":0},"end":{"line":41,"column":7}},"4":{"start":{"line":2,"column":0},"end":{"line":2,"column":42}},"5":{"start":{"line":3,"column":0},"end":{"line":3,"column":32}},"6":{"start":{"line":6,"column":2},"end":{"line":14,"column":3}},"7":{"start":{"line":7,"column":17},"end":{"line":7,"column":25}},"8":{"start":{"line":8,"column":21},"end":{"line":8,"column":39}},"9":{"start":{"line":9,"column":4},"end":{"line":9,"column":26}},"10":{"start":{"line":10,"column":4},"end":{"line":10,"column":42}},"11":{"start":{"line":12,"column":4},"end":{"line":12,"column":89}},"12":{"start":{"line":12,"column":28},"end":{"line":12,"column":89}},"13":{"start":{"line":13,"column":4},"end":{"line":13,"column":56}},"14":{"start":{"line":18,"column":2},"end":{"line":25,"column":3}},"15":{"start":{"line":19,"column":20},"end":{"line":19,"column":30}},"16":{"start":{"line":20,"column":21},"end":{"line":20,"column":52}},"17":{"start":{"line":21,"column":4},"end":{"line":21,"column":80}},"18":{"start":{"line":21,"column":19},"end":{"line":21,"column":80}},"19":{"start":{"line":22,"column":4},"end":{"line":22,"column":30}},"20":{"start":{"line":24,"column":4},"end":{"line":24,"column":56}},"21":{"start":{"line":29,"column":2},"end":{"line":38,"column":3}},"22":{"start":{"line":30,"column":19},"end":{"line":30,"column":29}},"23":{"start":{"line":31,"column":21},"end":{"line":31,"column":29}},"24":{"start":{"line":32,"column":4},"end":{"line":32,"column":92}},"25":{"start":{"line":32,"column":39},"end":{"line":32,"column":92}},"26":{"start":{"line":33,"column":21},"end":{"line":33,"column":108}},"27":{"start":{"line":34,"column":4},"end":{"line":34,"column":80}},"28":{"start":{"line":34,"column":19},"end":{"line":34,"column":80}},"29":{"start":{"line":35,"column":4},"end":{"line":35,"column":30}},"30":{"start":{"line":37,"column":4},"end":{"line":37,"column":56}},"31":{"start":{"line":42,"column":2},"end":{"line":50,"column":3}},"32":{"start":{"line":43,"column":23},"end":{"line":43,"column":39}},"33":{"start":{"line":44,"column":24},"end":{"line":44,"column":26}},"34":{"start":{"line":45,"column":4},"end":{"line":45,"column":68}},"35":{"start":{"line":45,"column":16},"end":{"line":45,"column":68}},"36":{"start":{"line":46,"column":22},"end":{"line":46,"column":59}},"37":{"start":{"line":47,"column":4},"end":{"line":47,"column":31}},"38":{"start":{"line":49,"column":4},"end":{"line":49,"column":56}}},"fnMap":{"0":{"name":"createPaciente","decl":{"start":{"line":5,"column":22},"end":{"line":5,"column":36}},"loc":{"start":{"line":5,"column":64},"end":{"line":15,"column":1}}},"1":{"name":"getPacienteByRut","decl":{"start":{"line":17,"column":22},"end":{"line":17,"column":38}},"loc":{"start":{"line":17,"column":66},"end":{"line":26,"column":1}}},"2":{"name":"addConsulta","decl":{"start":{"line":28,"column":22},"end":{"line":28,"column":33}},"loc":{"start":{"line":28,"column":61},"end":{"line":39,"column":1}}},"3":{"name":"listPacientes","decl":{"start":{"line":41,"column":22},"end":{"line":41,"column":35}},"loc":{"start":{"line":41,"column":63},"end":{"line":51,"column":1}}}},"branchMap":{"0":{"loc":{"start":{"line":12,"column":4},"end":{"line":12,"column":89}},"type":"if","locations":[{"start":{"line":12,"column":4},"end":{"line":12,"column":89}}]},"1":{"loc":{"start":{"line":21,"column":4},"end":{"line":21,"column":80}},"type":"if","locations":[{"start":{"line":21,"column":4},"end":{"line":21,"column":80}}]},"2":{"loc":{"start":{"line":32,"column":4},"end":{"line":32,"column":92}},"type":"if","locations":[{"start":{"line":32,"column":4},"end":{"line":32,"column":92}}]},"3":{"loc":{"start":{"line":34,"column":4},"end":{"line":34,"column":80}},"type":"if","locations":[{"start":{"line":34,"column":4},"end":{"line":34,"column":80}}]},"4":{"loc":{"start":{"line":45,"column":4},"end":{"line":45,"column":68}},"type":"if","locations":[{"start":{"line":45,"column":4},"end":{"line":45,"column":68}}]}},"s":{"0":1,"1":1,"2":1,"3":1,"4":1,"5":1,"6":2,"7":2,"8":2,"9":2,"10":2,"11":0,"12":0,"13":0,"14":1,"15":1,"16":1,"17":1,"18":0,"19":1,"20":0,"21":1,"22":1,"23":1,"24":1,"25":0,"26":1,"27":1,"28":0,"29":1,"30":0,"31":0,"32":0,"33":0,"34":0,"35":0,"36":0,"37":0,"38":0},"f":{"0":2,"1":1,"2":1,"3":0},"b":{"0":[0],"1":[0],"2":[0],"3":[0],"4":[0]}}
,"C:\\workspace\\fichas-medicas-api\\src\\middleware\\auth.ts": {"path":"C:\\workspace\\fichas-medicas-api\\src\\middleware\\auth.ts","statementMap":{"0":{"start":{"line":10,"column":0},"end":{"line":10,"column":16}},"1":{"start":{"line":2,"column":0},"end":{"line":2,"column":31}},"2":{"start":{"line":4,"column":19},"end":{"line":4,"column":55}},"3":{"start":{"line":11,"column":15},"end":{"line":11,"column":40}},"4":{"start":{"line":12,"column":2},"end":{"line":12,"column":100}},"5":{"start":{"line":12,"column":44},"end":{"line":12,"column":100}},"6":{"start":{"line":13,"column":16},"end":{"line":13,"column":33}},"7":{"start":{"line":14,"column":2},"end":{"line":20,"column":3}},"8":{"start":{"line":15,"column":20},"end":{"line":15,"column":49}},"9":{"start":{"line":16,"column":4},"end":{"line":16,"column":23}},"10":{"start":{"line":17,"column":4},"end":{"line":17,"column":18}},"11":{"start":{"line":19,"column":4},"end":{"line":19,"column":60}}},"fnMap":{"0":{"name":"requireAuth","decl":{"start":{"line":10,"column":16},"end":{"line":10,"column":27}},"loc":{"start":{"line":10,"column":79},"end":{"line":21,"column":1}}}},"branchMap":{"0":{"loc":{"start":{"line":4,"column":19},"end":{"line":4,"column":55}},"type":"binary-expr","locations":[{"start":{"line":4,"column":19},"end":{"line":4,"column":41}},{"start":{"line":4,"column":45},"end":{"line":4,"column":55}}]},"1":{"loc":{"start":{"line":12,"column":2},"end":{"line":12,"column":100}},"type":"if","locations":[{"start":{"line":12,"column":2},"end":{"line":12,"column":100}}]},"2":{"loc":{"start":{"line":12,"column":6},"end":{"line":12,"column":42}},"type":"binary-expr","locations":[{"start":{"line":12,"column":6},"end":{"line":12,"column":11}},{"start":{"line":12,"column":15},"end":{"line":12,"column":42}}]}},"s":{"0":1,"1":1,"2":1,"3":3,"4":3,"5":0,"6":3,"7":3,"8":3,"9":3,"10":3,"11":0},"f":{"0":3},"b":{"0":[1,1],"1":[0],"2":[3,3]}}
,"C:\\workspace\\fichas-medicas-api\\src\\models\\Paciente.ts": {"path":"C:\\workspace\\fichas-medicas-api\\src\\models\\Paciente.ts","statementMap":{"0":{"start":{"line":1,"column":0},"end":{"line":1,"column":44}},"1":{"start":{"line":3,"column":23},"end":{"line":7,"column":18}},"2":{"start":{"line":9,"column":21},"end":{"line":12,"column":18}},"3":{"start":{"line":14,"column":23},"end":{"line":20,"column":24}},"4":{"start":{"line":22,"column":0},"end":{"line":22,"column":33}},"5":{"start":{"line":23,"column":0},"end":{"line":23,"column":36}},"6":{"start":{"line":25,"column":17},"end":{"line":25,"column":59}},"7":{"start":{"line":26,"column":0},"end":{"line":26,"column":24}}},"fnMap":{},"branchMap":{},"s":{"0":1,"1":1,"2":1,"3":1,"4":1,"5":1,"6":1,"7":1},"f":{},"b":{}}
,"C:\\workspace\\fichas-medicas-api\\src\\models\\User.ts": {"path":"C:\\workspace\\fichas-medicas-api\\src\\models\\User.ts","statementMap":{"0":{"start":{"line":1,"column":0},"end":{"line":1,"column":44}},"1":{"start":{"line":3,"column":19},"end":{"line":6,"column":24}},"2":{"start":{"line":8,"column":13},"end":{"line":8,"column":47}},"3":{"start":{"line":9,"column":0},"end":{"line":9,"column":20}}},"fnMap":{},"branchMap":{},"s":{"0":1,"1":1,"2":1,"3":1},"f":{},"b":{}}
,"C:\\workspace\\fichas-medicas-api\\src\\routes\\auth.ts": {"path":"C:\\workspace\\fichas-medicas-api\\src\\routes\\auth.ts","statementMap":{"0":{"start":{"line":1,"column":0},"end":{"line":1,"column":33}},"1":{"start":{"line":2,"column":0},"end":{"line":2,"column":64}},"2":{"start":{"line":4,"column":15},"end":{"line":4,"column":23}},"3":{"start":{"line":6,"column":0},"end":{"line":6,"column":35}},"4":{"start":{"line":7,"column":0},"end":{"line":7,"column":29}},"5":{"start":{"line":9,"column":0},"end":{"line":9,"column":22}}},"fnMap":{},"branchMap":{},"s":{"0":1,"1":1,"2":1,"3":1,"4":1,"5":1},"f":{},"b":{}}
,"C:\\workspace\\fichas-medicas-api\\src\\routes\\pacientes.ts": {"path":"C:\\workspace\\fichas-medicas-api\\src\\routes\\pacientes.ts","statementMap":{"0":{"start":{"line":1,"column":0},"end":{"line":1,"column":33}},"1":{"start":{"line":2,"column":0},"end":{"line":2,"column":114}},"2":{"start":{"line":3,"column":0},"end":{"line":3,"column":49}},"3":{"start":{"line":5,"column":15},"end":{"line":5,"column":23}},"4":{"start":{"line":21,"column":0},"end":{"line":21,"column":31}},"5":{"start":{"line":38,"column":0},"end":{"line":38,"column":38}},"6":{"start":{"line":55,"column":0},"end":{"line":55,"column":46}},"7":{"start":{"line":78,"column":0},"end":{"line":78,"column":55}},"8":{"start":{"line":80,"column":0},"end":{"line":80,"column":22}}},"fnMap":{},"branchMap":{},"s":{"0":1,"1":1,"2":1,"3":1,"4":1,"5":1,"6":1,"7":1,"8":1},"f":{},"b":{}}
}
