TN:
SF:src\app.ts
FN:33,(anonymous_1)
FNF:1
FNH:0
FNDA:0,(anonymous_1)
DA:1,1
DA:2,1
DA:3,1
DA:4,1
DA:5,1
DA:6,1
DA:7,1
DA:8,1
DA:10,1
DA:12,1
DA:13,1
DA:14,1
DA:16,1
DA:17,0
DA:20,1
DA:28,1
DA:30,1
DA:31,1
DA:33,1
DA:35,1
LF:20
LH:19
BRDA:16,0,0,0
BRF:1
BRH:0
end_of_record
TN:
SF:src\config\db.ts
FN:3,connectDB
FNF:1
FNH:0
FNDA:0,connectDB
DA:1,1
DA:3,1
DA:4,0
DA:5,0
DA:6,0
DA:7,0
DA:9,0
LF:7
LH:2
BRDA:4,0,0,0
BRDA:4,0,1,0
BRF:2
BRH:0
end_of_record
TN:
SF:src\controllers\authController.ts
FN:8,register
FN:23,login
FNF:2
FNH:2
FNDA:1,register
FNDA:1,login
DA:2,1
DA:3,1
DA:4,1
DA:6,1
DA:8,1
DA:9,1
DA:10,1
DA:11,1
DA:12,1
DA:13,1
DA:14,1
DA:15,1
DA:16,1
DA:17,1
DA:19,0
DA:23,1
DA:24,1
DA:25,1
DA:26,1
DA:27,1
DA:28,1
DA:29,1
DA:30,1
DA:31,1
DA:32,1
DA:34,0
LF:26
LH:24
BRDA:6,0,0,1
BRDA:6,0,1,1
BRDA:11,1,0,0
BRDA:11,2,0,1
BRDA:11,2,1,1
BRDA:13,3,0,0
BRDA:26,4,0,0
BRDA:26,5,0,1
BRDA:26,5,1,1
BRDA:28,6,0,0
BRDA:30,7,0,0
BRF:11
BRH:6
end_of_record
TN:
SF:src\controllers\pacientesController.ts
FN:5,createPaciente
FN:17,getPacienteByRut
FN:28,addConsulta
FN:41,listPacientes
FNF:4
FNH:3
FNDA:2,createPaciente
FNDA:1,getPacienteByRut
FNDA:1,addConsulta
FNDA:0,listPacientes
DA:2,1
DA:3,1
DA:5,1
DA:6,2
DA:7,2
DA:8,2
DA:9,2
DA:10,2
DA:12,0
DA:13,0
DA:17,1
DA:18,1
DA:19,1
DA:20,1
DA:21,1
DA:22,1
DA:24,0
DA:28,1
DA:29,1
DA:30,1
DA:31,1
DA:32,1
DA:33,1
DA:34,1
DA:35,1
DA:37,0
DA:41,1
DA:42,0
DA:43,0
DA:44,0
DA:45,0
DA:46,0
DA:47,0
DA:49,0
LF:34
LH:23
BRDA:12,0,0,0
BRDA:21,1,0,0
BRDA:32,2,0,0
BRDA:34,3,0,0
BRDA:45,4,0,0
BRF:5
BRH:0
end_of_record
TN:
SF:src\middleware\auth.ts
FN:10,requireAuth
FNF:1
FNH:1
FNDA:3,requireAuth
DA:2,1
DA:4,1
DA:10,1
DA:11,3
DA:12,3
DA:13,3
DA:14,3
DA:15,3
DA:16,3
DA:17,3
DA:19,0
LF:11
LH:10
BRDA:4,0,0,1
BRDA:4,0,1,1
BRDA:12,1,0,0
BRDA:12,2,0,3
BRDA:12,2,1,3
BRF:5
BRH:4
end_of_record
TN:
SF:src\models\Paciente.ts
FNF:0
FNH:0
DA:1,1
DA:3,1
DA:9,1
DA:14,1
DA:22,1
DA:23,1
DA:25,1
DA:26,1
LF:8
LH:8
BRF:0
BRH:0
end_of_record
TN:
SF:src\models\User.ts
FNF:0
FNH:0
DA:1,1
DA:3,1
DA:8,1
DA:9,1
LF:4
LH:4
BRF:0
BRH:0
end_of_record
TN:
SF:src\routes\auth.ts
FNF:0
FNH:0
DA:1,1
DA:2,1
DA:4,1
DA:6,1
DA:7,1
DA:9,1
LF:6
LH:6
BRF:0
BRH:0
end_of_record
TN:
SF:src\routes\pacientes.ts
FNF:0
FNH:0
DA:1,1
DA:2,1
DA:3,1
DA:5,1
DA:21,1
DA:38,1
DA:55,1
DA:78,1
DA:80,1
LF:9
LH:9
BRF:0
BRH:0
end_of_record
